# JRE version: OpenJDK Runtime Environment (17.0.7) (build 17.0.7+0-b2043.56-10550314)
# Java VM: OpenJDK 64-Bit Server VM (17.0.7+0-b2043.56-10550314, mixed mode, tiered, compressed oops, compressed class ptrs, g1 gc, windows-amd64)
GC Precious Log:
 CPUs: 16 total, 16 available
 Memory: 15628M
 Large Page Support: Disabled
 NUMA Support: Disabled
 Compressed Oops: Enabled (32-bit)
 Heap Region Size: 1M
 Heap Min Capacity: 8M
 Heap Initial Capacity: 246M
 Heap Max Capacity: 2G
 Pre-touch: Disabled
 Parallel Workers: 13
 Concurrent Workers: 3
 Concurrent Refinement Workers: 13
 Periodic GC: Disabled
Heap:
 garbage-first heap   total 147456K, used 106733K [0x0000000080000000, 0x0000000100000000)
  region size 1024K, 30 young (30720K), 5 survivors (5120K)
 Metaspace       used 73585K, committed 74176K, reserved 1114112K
  class space    used 9518K, committed 9792K, reserved 1048576K
GC Heap History (20 events):
Event: 3.699 GC heap before
{Heap before GC invocations=21 (full 0):
 garbage-first heap   total 112640K, used 87809K [0x0000000080000000, 0x0000000100000000)
  region size 1024K, 27 young (27648K), 4 survivors (4096K)
 Metaspace       used 52905K, committed 53440K, reserved 1114112K
  class space    used 7023K, committed 7296K, reserved 1048576K
}
Event: 3.701 GC heap after
{Heap after GC invocations=22 (full 0):
 garbage-first heap   total 112640K, used 64493K [0x0000000080000000, 0x0000000100000000)
  region size 1024K, 3 young (3072K), 3 survivors (3072K)
 Metaspace       used 52905K, committed 53440K, reserved 1114112K
  class space    used 7023K, committed 7296K, reserved 1048576K
}
Event: 3.935 GC heap before
{Heap before GC invocations=22 (full 0):
 garbage-first heap   total 112640K, used 88045K [0x0000000080000000, 0x0000000100000000)
  region size 1024K, 27 young (27648K), 3 survivors (3072K)
 Metaspace       used 54983K, committed 55488K, reserved 1114112K
  class space    used 7308K, committed 7552K, reserved 1048576K
}
Event: 3.938 GC heap after
{Heap after GC invocations=23 (full 0):
 garbage-first heap   total 112640K, used 66016K [0x0000000080000000, 0x0000000100000000)
  region size 1024K, 4 young (4096K), 4 survivors (4096K)
 Metaspace       used 54983K, committed 55488K, reserved 1114112K
  class space    used 7308K, committed 7552K, reserved 1048576K
}
Event: 4.249 GC heap before
{Heap before GC invocations=24 (full 0):
 garbage-first heap   total 116736K, used 89568K [0x0000000080000000, 0x0000000100000000)
  region size 1024K, 28 young (28672K), 4 survivors (4096K)
 Metaspace       used 57060K, committed 57600K, reserved 1114112K
  class space    used 7559K, committed 7808K, reserved 1048576K
}
Event: 4.251 GC heap after
{Heap after GC invocations=25 (full 0):
 garbage-first heap   total 116736K, used 68224K [0x0000000080000000, 0x0000000100000000)
  region size 1024K, 4 young (4096K), 4 survivors (4096K)
 Metaspace       used 57060K, committed 57600K, reserved 1114112K
  class space    used 7559K, committed 7808K, reserved 1048576K
}
Event: 4.530 GC heap before
{Heap before GC invocations=25 (full 0):
 garbage-first heap   total 116736K, used 94848K [0x0000000080000000, 0x0000000100000000)
  region size 1024K, 30 young (30720K), 4 survivors (4096K)
 Metaspace       used 59528K, committed 60096K, reserved 1114112K
  class space    used 8009K, committed 8256K, reserved 1048576K
}
Event: 4.532 GC heap after
{Heap after GC invocations=26 (full 0):
 garbage-first heap   total 116736K, used 70440K [0x0000000080000000, 0x0000000100000000)
  region size 1024K, 3 young (3072K), 3 survivors (3072K)
 Metaspace       used 59528K, committed 60096K, reserved 1114112K
  class space    used 8009K, committed 8256K, reserved 1048576K
}
Event: 4.756 GC heap before
{Heap before GC invocations=27 (full 0):
 garbage-first heap   total 122880K, used 95016K [0x0000000080000000, 0x0000000100000000)
  region size 1024K, 27 young (27648K), 3 survivors (3072K)
 Metaspace       used 61082K, committed 61696K, reserved 1114112K
  class space    used 8249K, committed 8512K, reserved 1048576K
}
Event: 4.758 GC heap after
{Heap after GC invocations=28 (full 0):
 garbage-first heap   total 147456K, used 71628K [0x0000000080000000, 0x0000000100000000)
  region size 1024K, 2 young (2048K), 2 survivors (2048K)
 Metaspace       used 61082K, committed 61696K, reserved 1114112K
  class space    used 8249K, committed 8512K, reserved 1048576K
}
Event: 9.329 GC heap before
{Heap before GC invocations=28 (full 0):
 garbage-first heap   total 147456K, used 117708K [0x0000000080000000, 0x0000000100000000)
  region size 1024K, 47 young (48128K), 2 survivors (2048K)
 Metaspace       used 71025K, committed 71616K, reserved 1114112K
  class space    used 9479K, committed 9728K, reserved 1048576K
}
Event: 9.332 GC heap after
{Heap after GC invocations=29 (full 0):
 garbage-first heap   total 147456K, used 75759K [0x0000000080000000, 0x0000000100000000)
  region size 1024K, 6 young (6144K), 6 survivors (6144K)
 Metaspace       used 71025K, committed 71616K, reserved 1114112K
  class space    used 9479K, committed 9728K, reserved 1048576K
}
Event: 12.907 GC heap before
{Heap before GC invocations=30 (full 0):
 garbage-first heap   total 147456K, used 117743K [0x0000000080000000, 0x0000000100000000)
  region size 1024K, 48 young (49152K), 6 survivors (6144K)
 Metaspace       used 72259K, committed 72896K, reserved 1114112K
  class space    used 9499K, committed 9792K, reserved 1048576K
}
Event: 12.911 GC heap after
{Heap after GC invocations=31 (full 0):
 garbage-first heap   total 147456K, used 79201K [0x0000000080000000, 0x0000000100000000)
  region size 1024K, 4 young (4096K), 4 survivors (4096K)
 Metaspace       used 72259K, committed 72896K, reserved 1114112K
  class space    used 9499K, committed 9792K, reserved 1048576K
}
Event: 14.906 GC heap before
{Heap before GC invocations=31 (full 0):
 garbage-first heap   total 147456K, used 120161K [0x0000000080000000, 0x0000000100000000)
  region size 1024K, 44 young (45056K), 4 survivors (4096K)
 Metaspace       used 72932K, committed 73536K, reserved 1114112K
  class space    used 9521K, committed 9792K, reserved 1048576K
}
Event: 14.908 GC heap after
{Heap after GC invocations=32 (full 0):
 garbage-first heap   total 147456K, used 80322K [0x0000000080000000, 0x0000000100000000)
  region size 1024K, 2 young (2048K), 2 survivors (2048K)
 Metaspace       used 72932K, committed 73536K, reserved 1114112K
  class space    used 9521K, committed 9792K, reserved 1048576K
}
Event: 20.095 GC heap before
{Heap before GC invocations=33 (full 0):
 garbage-first heap   total 147456K, used 120258K [0x0000000080000000, 0x0000000100000000)
  region size 1024K, 42 young (43008K), 2 survivors (2048K)
 Metaspace       used 73181K, committed 73792K, reserved 1114112K
  class space    used 9517K, committed 9792K, reserved 1048576K
}
Event: 20.096 GC heap after
{Heap after GC invocations=34 (full 0):
 garbage-first heap   total 147456K, used 81712K [0x0000000080000000, 0x0000000100000000)
  region size 1024K, 4 young (4096K), 4 survivors (4096K)
 Metaspace       used 73181K, committed 73792K, reserved 1114112K
  class space    used 9517K, committed 9792K, reserved 1048576K
}
Event: 25.705 GC heap before
{Heap before GC invocations=34 (full 0):
 garbage-first heap   total 147456K, used 120624K [0x0000000080000000, 0x0000000100000000)
  region size 1024K, 43 young (44032K), 4 survivors (4096K)
 Metaspace       used 73513K, committed 74112K, reserved 1114112K
  class space    used 9517K, committed 9792K, reserved 1048576K
}
Event: 25.707 GC heap after
{Heap after GC invocations=35 (full 0):
 garbage-first heap   total 147456K, used 83181K [0x0000000080000000, 0x0000000100000000)
  region size 1024K, 5 young (5120K), 5 survivors (5120K)
 Metaspace       used 73513K, committed 74112K, reserved 1114112K
  class space    used 9517K, committed 9792K, reserved 1048576K
}

