# JRE version: OpenJDK Runtime Environment (17.0.7) (build 17.0.7+0-b2043.56-10550314)
# Java VM: OpenJDK 64-Bit Server VM (17.0.7+0-b2043.56-10550314, mixed mode, tiered, compressed oops, compressed class ptrs, g1 gc, windows-amd64)
GC Precious Log:
 CPUs: 16 total, 16 available
 Memory: 15628M
 Large Page Support: Disabled
 NUMA Support: Disabled
 Compressed Oops: Enabled (32-bit)
 Heap Region Size: 1M
 Heap Min Capacity: 8M
 Heap Initial Capacity: 246M
 Heap Max Capacity: 2G
 Pre-touch: Disabled
 Parallel Workers: 13
 Concurrent Workers: 3
 Concurrent Refinement Workers: 13
 Periodic GC: Disabled
Heap:
 garbage-first heap   total 251904K, used 84274K [0x0000000080000000, 0x0000000100000000)
  region size 1024K, 1 young (1024K), 1 survivors (1024K)
 Metaspace       used 68763K, committed 69376K, reserved 1114112K
  class space    used 8997K, committed 9280K, reserved 1048576K
GC Heap History (20 events):
Event: 9.145 GC heap after
{Heap after GC invocations=32 (full 0):
 garbage-first heap   total 135168K, used 77568K [0x0000000080000000, 0x0000000100000000)
  region size 1024K, 4 young (4096K), 4 survivors (4096K)
 Metaspace       used 67375K, committed 67968K, reserved 1114112K
  class space    used 8833K, committed 9088K, reserved 1048576K
}
Event: 10.747 GC heap before
{Heap before GC invocations=33 (full 0):
 garbage-first heap   total 135168K, used 110336K [0x0000000080000000, 0x0000000100000000)
  region size 1024K, 36 young (36864K), 4 survivors (4096K)
 Metaspace       used 67519K, committed 68096K, reserved 1114112K
  class space    used 8835K, committed 9088K, reserved 1048576K
}
Event: 10.749 GC heap after
{Heap after GC invocations=34 (full 0):
 garbage-first heap   total 135168K, used 77488K [0x0000000080000000, 0x0000000100000000)
  region size 1024K, 2 young (2048K), 2 survivors (2048K)
 Metaspace       used 67519K, committed 68096K, reserved 1114112K
  class space    used 8835K, committed 9088K, reserved 1048576K
}
Event: 13.496 GC heap before
{Heap before GC invocations=34 (full 0):
 garbage-first heap   total 135168K, used 111280K [0x0000000080000000, 0x0000000100000000)
  region size 1024K, 35 young (35840K), 2 survivors (2048K)
 Metaspace       used 67743K, committed 68288K, reserved 1114112K
  class space    used 8843K, committed 9088K, reserved 1048576K
}
Event: 13.498 GC heap after
{Heap after GC invocations=35 (full 0):
 garbage-first heap   total 135168K, used 77460K [0x0000000080000000, 0x0000000100000000)
  region size 1024K, 2 young (2048K), 2 survivors (2048K)
 Metaspace       used 67743K, committed 68288K, reserved 1114112K
  class space    used 8843K, committed 9088K, reserved 1048576K
}
Event: 16.070 GC heap before
{Heap before GC invocations=36 (full 0):
 garbage-first heap   total 135168K, used 112276K [0x0000000080000000, 0x0000000100000000)
  region size 1024K, 36 young (36864K), 2 survivors (2048K)
 Metaspace       used 67982K, committed 68544K, reserved 1114112K
  class space    used 8843K, committed 9088K, reserved 1048576K
}
Event: 16.071 GC heap after
{Heap after GC invocations=37 (full 0):
 garbage-first heap   total 135168K, used 77434K [0x0000000080000000, 0x0000000100000000)
  region size 1024K, 2 young (2048K), 2 survivors (2048K)
 Metaspace       used 67982K, committed 68544K, reserved 1114112K
  class space    used 8843K, committed 9088K, reserved 1048576K
}
Event: 21.970 GC heap before
{Heap before GC invocations=37 (full 0):
 garbage-first heap   total 135168K, used 99962K [0x0000000080000000, 0x0000000100000000)
  region size 1024K, 26 young (26624K), 2 survivors (2048K)
 Metaspace       used 68044K, committed 68608K, reserved 1114112K
  class space    used 8844K, committed 9088K, reserved 1048576K
}
Event: 21.971 GC heap after
{Heap after GC invocations=38 (full 0):
 garbage-first heap   total 135168K, used 78051K [0x0000000080000000, 0x0000000100000000)
  region size 1024K, 2 young (2048K), 2 survivors (2048K)
 Metaspace       used 68044K, committed 68608K, reserved 1114112K
  class space    used 8844K, committed 9088K, reserved 1048576K
}
Event: 22.004 GC heap before
{Heap before GC invocations=39 (full 0):
 garbage-first heap   total 168960K, used 115939K [0x0000000080000000, 0x0000000100000000)
  region size 1024K, 38 young (38912K), 2 survivors (2048K)
 Metaspace       used 68506K, committed 69056K, reserved 1114112K
  class space    used 8972K, committed 9216K, reserved 1048576K
}
Event: 22.006 GC heap after
{Heap after GC invocations=40 (full 0):
 garbage-first heap   total 168960K, used 81320K [0x0000000080000000, 0x0000000100000000)
  region size 1024K, 4 young (4096K), 4 survivors (4096K)
 Metaspace       used 68506K, committed 69056K, reserved 1114112K
  class space    used 8972K, committed 9216K, reserved 1048576K
}
Event: 22.009 GC heap before
{Heap before GC invocations=40 (full 0):
 garbage-first heap   total 168960K, used 84392K [0x0000000080000000, 0x0000000100000000)
  region size 1024K, 8 young (8192K), 4 survivors (4096K)
 Metaspace       used 68524K, committed 69056K, reserved 1114112K
  class space    used 8972K, committed 9216K, reserved 1048576K
}
Event: 22.011 GC heap after
{Heap after GC invocations=41 (full 0):
 garbage-first heap   total 168960K, used 81273K [0x0000000080000000, 0x0000000100000000)
  region size 1024K, 1 young (1024K), 1 survivors (1024K)
 Metaspace       used 68524K, committed 69056K, reserved 1114112K
  class space    used 8972K, committed 9216K, reserved 1048576K
}
Event: 22.047 GC heap before
{Heap before GC invocations=41 (full 0):
 garbage-first heap   total 168960K, used 135545K [0x0000000080000000, 0x0000000100000000)
  region size 1024K, 55 young (56320K), 1 survivors (1024K)
 Metaspace       used 68631K, committed 69248K, reserved 1114112K
  class space    used 8987K, committed 9280K, reserved 1048576K
}
Event: 22.048 GC heap after
{Heap after GC invocations=42 (full 0):
 garbage-first heap   total 168960K, used 82789K [0x0000000080000000, 0x0000000100000000)
  region size 1024K, 2 young (2048K), 2 survivors (2048K)
 Metaspace       used 68631K, committed 69248K, reserved 1114112K
  class space    used 8987K, committed 9280K, reserved 1048576K
}
Event: 22.082 GC heap before
{Heap before GC invocations=42 (full 0):
 garbage-first heap   total 230400K, used 137061K [0x0000000080000000, 0x0000000100000000)
  region size 1024K, 56 young (57344K), 2 survivors (2048K)
 Metaspace       used 68679K, committed 69312K, reserved 1114112K
  class space    used 8990K, committed 9280K, reserved 1048576K
}
Event: 22.084 GC heap after
{Heap after GC invocations=43 (full 0):
 garbage-first heap   total 230400K, used 83380K [0x0000000080000000, 0x0000000100000000)
  region size 1024K, 3 young (3072K), 3 survivors (3072K)
 Metaspace       used 68679K, committed 69312K, reserved 1114112K
  class space    used 8990K, committed 9280K, reserved 1048576K
}
Event: 22.139 GC heap before
{Heap before GC invocations=44 (full 0):
 garbage-first heap   total 230400K, used 176564K [0x0000000080000000, 0x0000000100000000)
  region size 1024K, 95 young (97280K), 3 survivors (3072K)
 Metaspace       used 68761K, committed 69376K, reserved 1114112K
  class space    used 8997K, committed 9280K, reserved 1048576K
}
Event: 22.141 GC heap after
{Heap after GC invocations=45 (full 0):
 garbage-first heap   total 230400K, used 84590K [0x0000000080000000, 0x0000000100000000)
  region size 1024K, 4 young (4096K), 4 survivors (4096K)
 Metaspace       used 68761K, committed 69376K, reserved 1114112K
  class space    used 8997K, committed 9280K, reserved 1048576K
}
Event: 22.144 GC heap before
{Heap before GC invocations=45 (full 0):
 garbage-first heap   total 230400K, used 90734K [0x0000000080000000, 0x0000000100000000)
  region size 1024K, 11 young (11264K), 4 survivors (4096K)
 Metaspace       used 68763K, committed 69376K, reserved 1114112K
  class space    used 8997K, committed 9280K, reserved 1048576K
}

